d:\dev\cherno_hazel\bin\debug-x64\cherno_hazel\cherno_hazel.lib
d:\dev\cherno_hazel\bin\debug-x64\cherno_hazel\cherno_hazel.exp
c:\code\cloned repositories\cherno_hazel_yt\bin-int\debug-x64\cherno_hazel\vc143.pdb
c:\code\cloned repositories\cherno_hazel_yt\bin-int\debug-x64\cherno_hazel\vc143.idb
c:\code\cloned repositories\cherno_hazel_yt\bin-int\debug-x64\cherno_hazel\application.obj
c:\code\cloned repositories\cherno_hazel_yt\bin\debug-x64\cherno_hazel\cherno_hazel.dll
c:\code\cloned repositories\cherno_hazel_yt\bin\debug-x64\cherno_hazel\cherno_hazel.pdb
c:\code\cloned repositories\cherno_hazel_yt\bin\debug-x64\cherno_hazel\cherno_hazel.lib
c:\code\cloned repositories\cherno_hazel_yt\bin\debug-x64\cherno_hazel\cherno_hazel.exp
c:\code\cloned repositories\cherno_hazel_yt\bin-int\debug-x64\cherno_hazel\cherno_hazel.ilk
c:\code\cloned repositories\cherno_hazel_yt\bin-int\debug-x64\cherno_hazel\vc142.idb
c:\code\cloned repositories\cherno_hazel_yt\bin-int\debug-x64\cherno_hazel\vc142.pdb
c:\code\cloned repositories\cherno_hazel_yt\bin-int\debug-x64\cherno_hazel\cherno_hazel.vcxproj.filelistabsolute.txt
c:\code\cloned repositories\cherno_hazel_yt\bin-int\debug-x64\cherno_hazel\cherno_hazel.tlog\cherno_hazel.write.1u.tlog
c:\code\cloned repositories\cherno_hazel_yt\bin-int\debug-x64\cherno_hazel\cherno_hazel.tlog\cl.command.1.tlog
c:\code\cloned repositories\cherno_hazel_yt\bin-int\debug-x64\cherno_hazel\cherno_hazel.tlog\cl.items.tlog
c:\code\cloned repositories\cherno_hazel_yt\bin-int\debug-x64\cherno_hazel\cherno_hazel.tlog\cl.read.1.tlog
c:\code\cloned repositories\cherno_hazel_yt\bin-int\debug-x64\cherno_hazel\cherno_hazel.tlog\cl.write.1.tlog
c:\code\cloned repositories\cherno_hazel_yt\bin-int\debug-x64\cherno_hazel\cherno_hazel.tlog\link.command.1.tlog
c:\code\cloned repositories\cherno_hazel_yt\bin-int\debug-x64\cherno_hazel\cherno_hazel.tlog\link.read.1.tlog
c:\code\cloned repositories\cherno_hazel_yt\bin-int\debug-x64\cherno_hazel\cherno_hazel.tlog\link.secondary.1.tlog
c:\code\cloned repositories\cherno_hazel_yt\bin-int\debug-x64\cherno_hazel\cherno_hazel.tlog\link.write.1.tlog
